#
# There is insufficient memory for the Java Runtime Environment to continue.
# Native memory allocation (mmap) failed to map 117440512 bytes for Failed to commit area from 0x0000000090c00000 to 0x0000000097c00000 of length 117440512.
# Possible reasons:
#   The system is out of physical RAM or swap space
#   The process is running with CompressedOops enabled, and the Java Heap may be blocking the growth of the native heap
# Possible solutions:
#   Reduce memory load on the system
#   Increase physical memory or swap space
#   Check if swap backing store is full
#   Decrease Java heap size (-Xmx/-Xms)
#   Decrease number of Java threads
#   Decrease Java thread stack sizes (-Xss)
#   Set larger code cache with -XX:ReservedCodeCacheSize=
# This output file may be truncated or incomplete.
#
#  Out of Memory Error (./src/hotspot/os/windows/os_windows.cpp:3301), pid=63764, tid=62352
#
# JRE version:  (11.0.10+8) (build )
# Java VM: OpenJDK 64-Bit Server VM (11.0.10+8-b1145.96, mixed mode, sharing, tiered, compressed oops, g1 gc, windows-amd64)
# No core dump will be written. Minidumps are not enabled by default on client versions of Windows
#

---------------  S U M M A R Y ------------

Command Line: org.jetbrains.git4idea.http.GitAskPassApp Username for 'https://github.com': 

Host: AMD Ryzen 5 2500U with Radeon Vega Mobile Gfx  , 8 cores, 6G,  Windows 10 , 64 bit Build 19041 (10.0.19041.804)
Time: Mon May 10 22:02:22 2021 ora legale Europa occidentale elapsed time: 0.113180 seconds (0d 0h 0m 0s)

---------------  T H R E A D  ---------------

Current thread (0x0000017413009800):  JavaThread "Unknown thread" [_thread_in_vm, id=62352, stack(0x000000649f400000,0x000000649f500000)]

Stack: [0x000000649f400000,0x000000649f500000]
Native frames: (J=compiled Java code, j=interpreted, Vv=VM code, C=native code)
V  [jvm.dll+0x5ece6a]
V  [jvm.dll+0x722cd5]
V  [jvm.dll+0x72422d]
V  [jvm.dll+0x7248e3]
V  [jvm.dll+0x2428d8]
V  [jvm.dll+0x5ea244]
V  [jvm.dll+0x5df2e5]
V  [jvm.dll+0x2fdddb]
V  [jvm.dll+0x2fdd4a]
V  [jvm.dll+0x2fdc22]
V  [jvm.dll+0x302b06]
V  [jvm.dll+0x34b033]
V  [jvm.dll+0x34b736]
V  [jvm.dll+0x34b133]
V  [jvm.dll+0x2d87d8]
V  [jvm.dll+0x2d9987]
V  [jvm.dll+0x701817]
V  [jvm.dll+0x70300c]
V  [jvm.dll+0x3585a9]
V  [jvm.dll+0x6e516e]
V  [jvm.dll+0x3c09e3]
V  [jvm.dll+0x3c2c71]
C  [jli.dll+0x5373]
C  [ucrtbase.dll+0x21bb2]
C  [KERNEL32.DLL+0x17034]
C  [ntdll.dll+0x52651]


---------------  P R O C E S S  ---------------

Threads class SMR info:
_java_thread_list=0x0000017410f613f0, length=0, elements={
}

Java Threads: ( => current thread )

Other Threads:
  0x0000017413024000 GCTaskThread "GC Thread#0" [stack: 0x000000649f500000,0x000000649f600000] [id=57440]
  0x000001741304f000 ConcurrentGCThread "G1 Main Marker" [stack: 0x000000649f600000,0x000000649f700000] [id=56812]
  0x0000017413050800 ConcurrentGCThread "G1 Conc#0" [stack: 0x000000649f700000,0x000000649f800000] [id=18980]

[error occurred during error reporting (printing all threads), id 0xc0000005, EXCEPTION_ACCESS_VIOLATION (0xc0000005) at pc=0x00007ffdfe9d8db7]

VM state:not at safepoint (not fully initialized)

VM Mutex/Monitor currently owned by a thread:  ([mutex/lock_event])
[0x00000174130042c0] Heap_lock - owner thread: 0x0000017413009800

Heap address: 0x0000000090c00000, size: 1780 MB, Compressed Oops mode: Non-zero based: 0x0000000090c00000
Narrow klass base: 0x0000000000000000, Narrow klass shift: 0

GC Heap History (0 events):
No events

Deoptimization events (0 events):
No events

Classes redefined (0 events):
No events

Internal exceptions (0 events):
No events

Events (1 events):
Event: 0.046 Loaded shared library C:\Program Files\JetBrains\PyCharm 2020.3.3\jbr\bin\zip.dll


Dynamic libraries:
0x00007ff68d1a0000 - 0x00007ff68d1aa000 	C:\Program Files\JetBrains\PyCharm 2020.3.3\jbr\bin\java.exe
0x00007ffe515f0000 - 0x00007ffe517e5000 	C:\WINDOWS\SYSTEM32\ntdll.dll
0x00007ffe50120000 - 0x00007ffe501dd000 	C:\WINDOWS\System32\KERNEL32.DLL
0x00007ffe4f0b0000 - 0x00007ffe4f379000 	C:\WINDOWS\System32\KERNELBASE.dll
0x000000005c290000 - 0x000000005c33e000 	C:\WINDOWS\System32\SYSFER.DLL
0x00007ffe4ef10000 - 0x00007ffe4f010000 	C:\WINDOWS\System32\ucrtbase.dll
0x00007ffe46a50000 - 0x00007ffe46a69000 	C:\Program Files\JetBrains\PyCharm 2020.3.3\jbr\bin\jli.dll
0x00007ffe45a30000 - 0x00007ffe45a47000 	C:\Program Files\JetBrains\PyCharm 2020.3.3\jbr\bin\VCRUNTIME140.dll
0x00007ffe4f760000 - 0x00007ffe4f900000 	C:\WINDOWS\System32\USER32.dll
0x00007ffe44a30000 - 0x00007ffe44cca000 	C:\WINDOWS\WinSxS\amd64_microsoft.windows.common-controls_6595b64144ccf1df_6.0.19041.844_none_ca00b6081b84eb1d\COMCTL32.dll
0x00007ffe4f620000 - 0x00007ffe4f642000 	C:\WINDOWS\System32\win32u.dll
0x00007ffe50e80000 - 0x00007ffe50f1e000 	C:\WINDOWS\System32\msvcrt.dll
0x00007ffe51420000 - 0x00007ffe5144a000 	C:\WINDOWS\System32\GDI32.dll
0x00007ffe4f510000 - 0x00007ffe4f61b000 	C:\WINDOWS\System32\gdi32full.dll
0x00007ffe4f010000 - 0x00007ffe4f0ad000 	C:\WINDOWS\System32\msvcp_win.dll
0x00007ffe51580000 - 0x00007ffe515b0000 	C:\WINDOWS\System32\IMM32.DLL
0x00007ffe26f40000 - 0x00007ffe26fdd000 	C:\Program Files\JetBrains\PyCharm 2020.3.3\jbr\bin\msvcp140.dll
0x00007ffdfe6f0000 - 0x00007ffdff1c0000 	C:\Program Files\JetBrains\PyCharm 2020.3.3\jbr\bin\server\jvm.dll
0x00007ffe4ff20000 - 0x00007ffe4ffcc000 	C:\WINDOWS\System32\ADVAPI32.dll
0x00007ffe510a0000 - 0x00007ffe5113c000 	C:\WINDOWS\System32\sechost.dll
0x00007ffe51450000 - 0x00007ffe5157b000 	C:\WINDOWS\System32\RPCRT4.dll
0x00007ffe50e00000 - 0x00007ffe50e08000 	C:\WINDOWS\System32\PSAPI.DLL
0x00007ffe369c0000 - 0x00007ffe369c9000 	C:\WINDOWS\SYSTEM32\WSOCK32.dll
0x00007ffe50e10000 - 0x00007ffe50e7b000 	C:\WINDOWS\System32\WS2_32.dll
0x00007ffe46c30000 - 0x00007ffe46c57000 	C:\WINDOWS\SYSTEM32\WINMM.dll
0x00007ffe485a0000 - 0x00007ffe485aa000 	C:\WINDOWS\SYSTEM32\VERSION.dll
0x00007ffe4cc90000 - 0x00007ffe4cca2000 	C:\WINDOWS\SYSTEM32\kernel.appcore.dll
0x00007ffe49b30000 - 0x00007ffe49b41000 	C:\Program Files\JetBrains\PyCharm 2020.3.3\jbr\bin\verify.dll
0x00007ffe3fd60000 - 0x00007ffe3ff44000 	C:\WINDOWS\SYSTEM32\DBGHELP.DLL
0x00007ffe3fd30000 - 0x00007ffe3fd5c000 	C:\WINDOWS\SYSTEM32\dbgcore.DLL
0x00007ffe4ed30000 - 0x00007ffe4edb0000 	C:\WINDOWS\System32\bcryptPrimitives.dll
0x00007ffe46b50000 - 0x00007ffe46b79000 	C:\Program Files\JetBrains\PyCharm 2020.3.3\jbr\bin\java.dll
0x00007ffe4aca0000 - 0x00007ffe4acab000 	C:\Program Files\JetBrains\PyCharm 2020.3.3\jbr\bin\jimage.dll
0x00007ffe49000000 - 0x00007ffe49018000 	C:\Program Files\JetBrains\PyCharm 2020.3.3\jbr\bin\zip.dll

dbghelp: loaded successfully - version: 4.0.5 - missing functions: none
symbol engine: initialized successfully - sym options: 0x614 - pdb path: .;C:\Program Files\JetBrains\PyCharm 2020.3.3\jbr\bin;C:\WINDOWS\SYSTEM32;C:\WINDOWS\WinSxS\amd64_microsoft.windows.common-controls_6595b64144ccf1df_6.0.19041.844_none_ca00b6081b84eb1d;C:\Program Files\JetBrains\PyCharm 2020.3.3\jbr\bin\server

VM Arguments:
java_command: org.jetbrains.git4idea.http.GitAskPassApp Username for 'https://github.com': 
java_class_path (initial): C:/Program Files/JetBrains/PyCharm 2020.3.3/plugins/git4idea/lib/git4idea-rt.jar;C:/Program Files/JetBrains/PyCharm 2020.3.3/lib/xmlrpc-2.0.1.jar;C:/Program Files/JetBrains/PyCharm 2020.3.3/lib/commons-codec-1.14.jar
Launcher Type: SUN_STANDARD

[Global flags]
     intx CICompilerCount                          = 4                                         {product} {ergonomic}
     uint ConcGCThreads                            = 2                                         {product} {ergonomic}
     uint G1ConcRefinementThreads                  = 8                                         {product} {ergonomic}
   size_t G1HeapRegionSize                         = 1048576                                   {product} {ergonomic}
    uintx GCDrainStackTargetSize                   = 64                                        {product} {ergonomic}
   size_t InitialHeapSize                          = 117440512                                 {product} {ergonomic}
   size_t MarkStackSize                            = 4194304                                   {product} {ergonomic}
   size_t MaxHeapSize                              = 1866465280                                {product} {ergonomic}
   size_t MinHeapDeltaBytes                        = 1048576                                   {product} {ergonomic}
    uintx NonNMethodCodeHeapSize                   = 5836300                                {pd product} {ergonomic}
    uintx NonProfiledCodeHeapSize                  = 122910970                              {pd product} {ergonomic}
    uintx ProfiledCodeHeapSize                     = 122910970                              {pd product} {ergonomic}
    uintx ReservedCodeCacheSize                    = 251658240                              {pd product} {ergonomic}
     bool SegmentedCodeCache                       = true                                      {product} {ergonomic}
     bool UseCompressedClassPointers               = true                                 {lp64_product} {ergonomic}
     bool UseCompressedOops                        = true                                 {lp64_product} {ergonomic}
     bool UseG1GC                                  = true                                      {product} {ergonomic}
     bool UseLargePagesIndividualAllocation        = false                                  {pd product} {ergonomic}

Logging:
Log output configuration:
 #0: stdout all=warning uptime,level,tags
 #1: stderr all=off uptime,level,tags

Environment Variables:
PATH=C:\Program Files\Git\mingw64\libexec\git-core;C:\Program Files\Git\mingw64\libexec\git-core;C:\Program Files\Git\mingw64\bin;C:\Program Files\Git\usr\bin;C:\Users\39346\bin;C:\Program Files (x86)\Common Files\Oracle\Java\javapath;C:\WINDOWS\system32;C:\WINDOWS;C:\WINDOWS\System32\Wbem;C:\WINDOWS\System32\WindowsPowerShell\v1.0;C:\WINDOWS\System32\OpenSSH;C:\Program Files\Intel\WiFi\bin;C:\Program Files\Common Files\Intel\WirelessCommon;C:\Program Files\MATLAB\R2019b\bin;C:\Program Files\Git\cmd;C:\Users\39346\Downloads\apache-maven-3.6.3-bin\apache-maven-3.6.3\bin;C:\Program Files\nodejs;C:\Program Files (x86)\Wolfram Research\WolframScript;C:\Program Files\PuTTY;C:\xampp\php;C:\Users\39346\AppData\Local\Programs\Python\Python39\Scripts;C:\Users\39346\AppData\Local\Programs\Python\Python39;C:\Users\39346\AppData\Local\Microsoft\WindowsApps;C:\Users\39346\AppData\Roaming\npm;C:\Program Files\JetBrains\PyCharm 2020.3.3\bin
USERNAME=39346
DISPLAY=:0.0
LC_ALL=en_US.UTF-8
OS=Windows_NT
PROCESSOR_IDENTIFIER=AMD64 Family 23 Model 17 Stepping 0, AuthenticAMD



---------------  S Y S T E M  ---------------

OS: Windows 10 , 64 bit Build 19041 (10.0.19041.804)
OS uptime: 25 days 4:43 hours

CPU:total 8 (initial active 8) (8 cores per cpu, 2 threads per core) family 23 model 17 stepping 0 microcode 0x0, cmov, cx8, fxsr, mmx, sse, sse2, sse3, ssse3, sse4.1, sse4.2, popcnt, avx, avx2, aes, clmul, mmxext, 3dnowpref, lzcnt, sse4a, ht, tsc, tscinvbit, tscinv, bmi1, bmi2, adx, s

Memory: 4k page, system-wide physical 7113M (474M free)
TotalPageFile size 28617M (AvailPageFile size 85M)
current process WorkingSet (physical memory assigned to process): 10M, peak: 10M
current process commit charge ("private bytes"): 60M, peak: 172M

vm_info: OpenJDK 64-Bit Server VM (11.0.10+8-b1145.96) for windows-amd64 JRE (11.0.10+8-b1145.96), built on Feb 18 2021 01:38:16 by "" with MS VC++ 14.0 (VS2015)

END.
